Copyright 1986-2015 Xilinx, Inc. All Rights Reserved.
-------------------------------------------------------------------------------------------
| Tool Version : Vivado v.2015.2 (win64) Build 1266856 Fri Jun 26 16:35:25 MDT 2015
| Date         : Thu Sep 18 11:54:57 2025
| Host         : glizzy running 64-bit major release  (build 9200)
| Command      : report_control_sets -verbose -file scrolling_leds_control_sets_placed.rpt
| Design       : scrolling_leds
| Device       : xc7a35t
-------------------------------------------------------------------------------------------

Control Set Information

Table of Contents
-----------------
1. Summary
2. Flip-Flop Distribution
3. Detailed Control Set Information

1. Summary
----------

+-------------------------------------------------------------------+-------+
|                               Status                              | Count |
+-------------------------------------------------------------------+-------+
| Number of unique control sets                                     |     6 |
| Minimum Number of register sites lost to control set restrictions |    20 |
+-------------------------------------------------------------------+-------+


2. Flip-Flop Distribution
-------------------------

+--------------+-----------------------+------------------------+-----------------+--------------+
| Clock Enable | Synchronous Set/Reset | Asynchronous Set/Reset | Total Registers | Total Slices |
+--------------+-----------------------+------------------------+-----------------+--------------+
| No           | No                    | No                     |              16 |            7 |
| No           | No                    | Yes                    |               0 |            0 |
| No           | Yes                   | No                     |              32 |            9 |
| Yes          | No                    | No                     |               0 |            0 |
| Yes          | No                    | Yes                    |               0 |            0 |
| Yes          | Yes                   | No                     |               4 |            1 |
+--------------+-----------------------+------------------------+-----------------+--------------+


3. Detailed Control Set Information
-----------------------------------

+-------------------+---------------+------------------------+------------------+----------------+
|    Clock Signal   | Enable Signal |    Set/Reset Signal    | Slice Load Count | Bel Load Count |
+-------------------+---------------+------------------------+------------------+----------------+
|  clk_in_IBUF_BUFG |               |                        |                2 |              2 |
|  clk_out_reg_n_0  |               | Led_counter[1]         |                1 |              4 |
|  clk_in_IBUF_BUFG | clk_out       | Led_counter[3]_i_1_n_0 |                1 |              4 |
|  clk_out_reg_n_0  |               | led[15]_i_1_n_0        |                2 |              5 |
|  clk_out_reg_n_0  |               |                        |                5 |             14 |
|  clk_in_IBUF_BUFG |               | clk_out                |                6 |             23 |
+-------------------+---------------+------------------------+------------------+----------------+


